
Gurobi 8.1.1 (win64, Python) logging started 01/30/20 19:41:50

Academic license - for non-commercial use only

Gurobi 8.1.1 (win64, Python) logging started 01/30/20 19:42:35

Academic license - for non-commercial use only

Gurobi 8.1.1 (win64, Python) logging started 01/30/20 19:57:13

Academic license - for non-commercial use only

Gurobi 8.1.1 (win64, Python) logging started 01/30/20 20:03:51

Academic license - for non-commercial use only

Gurobi 8.1.1 (win64, Python) logging started 01/30/20 20:04:50

Academic license - for non-commercial use only

Gurobi 8.1.1 (win64, Python) logging started 01/30/20 20:13:27

Academic license - for non-commercial use only

Gurobi 8.1.1 (win64, Python) logging started 01/30/20 20:20:01

Academic license - for non-commercial use only

Gurobi 8.1.1 (win64, Python) logging started 01/30/20 20:24:20

Academic license - for non-commercial use only

Gurobi 8.1.1 (win64, Python) logging started 01/30/20 22:51:59

Academic license - for non-commercial use only

Gurobi 8.1.1 (win64, Python) logging started 01/30/20 22:54:44

Academic license - for non-commercial use only

Gurobi 8.1.1 (win64, Python) logging started 01/30/20 22:57:03

Academic license - for non-commercial use only

Gurobi 8.1.1 (win64, Python) logging started 01/30/20 22:57:25

Academic license - for non-commercial use only

Gurobi 8.1.1 (win64, Python) logging started 01/30/20 23:09:49

Academic license - for non-commercial use only

Gurobi 8.1.1 (win64, Python) logging started 01/30/20 23:13:33

Academic license - for non-commercial use only

Gurobi 8.1.1 (win64, Python) logging started 01/30/20 23:13:42

Academic license - for non-commercial use only

Gurobi 8.1.1 (win64, Python) logging started 01/30/20 23:13:59

Academic license - for non-commercial use only

Gurobi 8.1.1 (win64, Python) logging started 01/30/20 23:29:19

Academic license - for non-commercial use only

Gurobi 8.1.1 (win64, Python) logging started 01/30/20 23:29:39

Academic license - for non-commercial use only

Gurobi 8.1.1 (win64, Python) logging started 01/30/20 23:44:10

Academic license - for non-commercial use only

Gurobi 8.1.1 (win64, Python) logging started 01/30/20 23:44:39

Academic license - for non-commercial use only

Gurobi 8.1.1 (win64, Python) logging started 01/30/20 23:48:45

Academic license - for non-commercial use only

Gurobi 8.1.1 (win64, Python) logging started 01/30/20 23:48:49

Academic license - for non-commercial use only

Gurobi 8.1.1 (win64, Python) logging started 01/30/20 23:51:53

Academic license - for non-commercial use only

Gurobi 8.1.1 (win64, Python) logging started 01/30/20 23:52:04

Academic license - for non-commercial use only

Gurobi 8.1.1 (win64, Python) logging started 01/30/20 23:53:41

Academic license - for non-commercial use only

Gurobi 8.1.1 (win64, Python) logging started 01/31/20 00:03:03

Academic license - for non-commercial use only

Gurobi 8.1.1 (win64, Python) logging started 01/31/20 00:03:08

Academic license - for non-commercial use only

Gurobi 8.1.1 (win64, Python) logging started 01/31/20 00:17:53

Academic license - for non-commercial use only

Gurobi 8.1.1 (win64, Python) logging started 01/31/20 00:30:46

Academic license - for non-commercial use only

Gurobi 8.1.1 (win64, Python) logging started 01/31/20 00:30:46

Academic license - for non-commercial use only

Gurobi 8.1.1 (win64, Python) logging started 01/31/20 00:31:06

Academic license - for non-commercial use only

Gurobi 8.1.1 (win64, Python) logging started 01/31/20 00:31:19

Academic license - for non-commercial use only

Gurobi 8.1.1 (win64, Python) logging started 01/31/20 00:35:59

Academic license - for non-commercial use only

Gurobi 8.1.1 (win64, Python) logging started 01/31/20 00:36:04

Academic license - for non-commercial use only

Gurobi 8.1.1 (win64, Python) logging started 01/31/20 00:36:31

Academic license - for non-commercial use only

Gurobi 8.1.1 (win64, Python) logging started 01/31/20 00:38:42

Academic license - for non-commercial use only

Gurobi 8.1.1 (win64, Python) logging started 01/31/20 00:38:49

Academic license - for non-commercial use only

Gurobi 8.1.1 (win64, Python) logging started 01/31/20 00:46:35

Academic license - for non-commercial use only

Gurobi 8.1.1 (win64, Python) logging started 01/31/20 00:57:05

Academic license - for non-commercial use only

Gurobi 8.1.1 (win64, Python) logging started 01/31/20 01:00:06

Academic license - for non-commercial use only

Gurobi 8.1.1 (win64, Python) logging started 01/31/20 01:00:45

Academic license - for non-commercial use only

Gurobi 8.1.1 (win64, Python) logging started 01/31/20 01:03:55

Academic license - for non-commercial use only

Gurobi 8.1.1 (win64, Python) logging started 01/31/20 01:04:25

Academic license - for non-commercial use only

Gurobi 8.1.1 (win64, Python) logging started 01/31/20 01:05:48

Academic license - for non-commercial use only

Gurobi 8.1.1 (win64, Python) logging started 01/31/20 01:08:36

Academic license - for non-commercial use only

Gurobi 8.1.1 (win64, Python) logging started 01/31/20 01:08:52

Academic license - for non-commercial use only

Gurobi 8.1.1 (win64, Python) logging started 01/31/20 01:15:24

Academic license - for non-commercial use only

Gurobi 8.1.1 (win64, Python) logging started 01/31/20 01:15:44

Academic license - for non-commercial use only

Gurobi 8.1.1 (win64, Python) logging started 01/31/20 01:21:11

Academic license - for non-commercial use only

Gurobi 8.1.1 (win64, Python) logging started 01/31/20 01:39:49

Academic license - for non-commercial use only

Gurobi 8.1.1 (win64, Python) logging started 01/31/20 01:40:13

Academic license - for non-commercial use only

Gurobi 8.1.1 (win64, Python) logging started 01/31/20 01:42:16

Academic license - for non-commercial use only

Gurobi 8.1.1 (win64, Python) logging started 01/31/20 01:42:18

Academic license - for non-commercial use only

Gurobi 8.1.1 (win64, Python) logging started 01/31/20 01:42:39

Academic license - for non-commercial use only

Gurobi 8.1.1 (win64, Python) logging started 01/31/20 01:42:48

Academic license - for non-commercial use only

Gurobi 8.1.1 (win64, Python) logging started 01/31/20 01:43:21

Academic license - for non-commercial use only

Gurobi 8.1.1 (win64, Python) logging started 01/31/20 01:43:27

Academic license - for non-commercial use only

Gurobi 8.1.1 (win64, Python) logging started 01/31/20 11:16:01

Academic license - for non-commercial use only

Gurobi 8.1.1 (win64, Python) logging started 01/31/20 11:25:02

Academic license - for non-commercial use only

Gurobi 8.1.1 (win64, Python) logging started 01/31/20 11:28:29

Academic license - for non-commercial use only

Gurobi 8.1.1 (win64, Python) logging started 01/31/20 11:34:46

Academic license - for non-commercial use only

Gurobi 8.1.1 (win64, Python) logging started 01/31/20 11:45:58

Academic license - for non-commercial use only

Gurobi 8.1.1 (win64, Python) logging started 01/31/20 12:06:00

Academic license - for non-commercial use only

Gurobi 8.1.1 (win64, Python) logging started 01/31/20 12:07:26

Academic license - for non-commercial use only

Gurobi 8.1.1 (win64, Python) logging started 01/31/20 12:13:30

Academic license - for non-commercial use only
Warning: variable name "travel_Hanna_Lousberg_Frankenberger Park" has a space
Warning: to let Gurobi read it back, use rlp format
Optimize a model with 1680 rows, 312 columns and 3528 nonzeros
Variable types: 0 continuous, 312 integer (216 binary)
Coefficient statistics:
  Matrix range     [1e+00, 8e+02]
  Objective range  [1e+00, 1e+00]
  Bounds range     [1e+00, 1e+00]
  RHS range        [4e-01, 8e+02]
Presolve removed 1488 rows and 224 columns
Presolve time: 0.00s

Explored 0 nodes (0 simplex iterations) in 0.03 seconds
Thread count was 1 (of 12 available processors)

Solution count 0

Model is infeasible
Best objective -, best bound -, gap -

Gurobi 8.1.1 (win64, Python) logging started 01/31/20 12:14:39

Academic license - for non-commercial use only
Warning: variable name "travel_Hanna_Lousberg_Frankenberger Park" has a space
Warning: Q constraint 0 doesn't have a name
Warning: to let Gurobi read it back, use rlp format
Optimize a model with 1608 rows, 312 columns and 3384 nonzeros
Model has 72 quadratic constraints
Variable types: 0 continuous, 312 integer (216 binary)
Coefficient statistics:
  Matrix range     [1e+00, 8e+02]
  QMatrix range    [1e+00, 1e+00]
  QLMatrix range   [1e+00, 1e+00]
  Objective range  [1e+00, 1e+00]
  Bounds range     [1e+00, 1e+00]
  RHS range        [4e-01, 8e+02]
Presolve removed 1488 rows and 224 columns
Presolve time: 0.00s

Explored 0 nodes (0 simplex iterations) in 0.04 seconds
Thread count was 1 (of 12 available processors)

Solution count 0

Model is infeasible
Best objective -, best bound -, gap -

Gurobi 8.1.1 (win64, Python) logging started 01/31/20 12:14:57

Academic license - for non-commercial use only
Warning: variable name "travel_Emma_Lulus Coffee_Lousberg" has a space
Warning: Q constraint 0 doesn't have a name
Warning: to let Gurobi read it back, use rlp format
Optimize a model with 1958 rows, 402 columns and 4264 nonzeros
Model has 82 quadratic constraints
Variable types: 0 continuous, 402 integer (296 binary)
Coefficient statistics:
  Matrix range     [1e+00, 8e+02]
  QMatrix range    [1e+00, 1e+00]
  QLMatrix range   [1e+00, 1e+00]
  Objective range  [1e+00, 1e+00]
  Bounds range     [1e+00, 1e+00]
  RHS range        [4e-01, 8e+02]
Presolve removed 1694 rows and 211 columns
Presolve time: 0.00s

Explored 0 nodes (0 simplex iterations) in 0.01 seconds
Thread count was 1 (of 12 available processors)

Solution count 0

Model is infeasible
Best objective -, best bound -, gap -

Gurobi 8.1.1 (win64, Python) logging started 01/31/20 12:16:39

Academic license - for non-commercial use only
Warning: variable name "travel_Hanna_Lousberg_Frankenberger Park" has a space
Warning: Q constraint 0 doesn't have a name
Warning: to let Gurobi read it back, use rlp format
Optimize a model with 1608 rows, 312 columns and 3408 nonzeros
Model has 72 quadratic constraints
Variable types: 0 continuous, 312 integer (216 binary)
Coefficient statistics:
  Matrix range     [1e+00, 8e+02]
  QMatrix range    [1e+00, 1e+00]
  QLMatrix range   [1e+00, 1e+00]
  Objective range  [1e+00, 1e+00]
  Bounds range     [1e+00, 1e+00]
  RHS range        [4e-01, 8e+02]
Presolve removed 1488 rows and 224 columns
Presolve time: 0.00s

Explored 0 nodes (0 simplex iterations) in 0.01 seconds
Thread count was 1 (of 12 available processors)

Solution count 0

Model is infeasible
Best objective -, best bound -, gap -

Gurobi 8.1.1 (win64, Python) logging started 01/31/20 12:18:01

Academic license - for non-commercial use only
Warning: variable name "travel_Hanna_Lousberg_Frankenberger Park" has a space
Warning: to let Gurobi read it back, use rlp format
Optimize a model with 2256 rows, 312 columns and 3552 nonzeros
Variable types: 0 continuous, 312 integer (216 binary)
Coefficient statistics:
  Matrix range     [1e+00, 8e+02]
  Objective range  [1e+00, 1e+00]
  Bounds range     [1e+00, 1e+00]
  RHS range        [4e-01, 8e+02]
Presolve removed 2064 rows and 224 columns
Presolve time: 0.00s

Explored 0 nodes (0 simplex iterations) in 0.01 seconds
Thread count was 1 (of 12 available processors)

Solution count 0

Model is infeasible
Best objective -, best bound -, gap -

Gurobi 8.1.1 (win64, Python) logging started 01/31/20 12:23:03

Academic license - for non-commercial use only
Warning: variable name "travel_Hanna_Lousberg_Frankenberger Park" has a space
Warning: to let Gurobi read it back, use rlp format
Optimize a model with 2160 rows, 312 columns and 3264 nonzeros
Variable types: 0 continuous, 312 integer (216 binary)
Coefficient statistics:
  Matrix range     [1e+00, 8e+02]
  Objective range  [1e+00, 1e+00]
  Bounds range     [1e+00, 1e+00]
  RHS range        [4e-01, 8e+02]
Presolve removed 2140 rows and 297 columns
Presolve time: 0.03s
Presolved: 20 rows, 15 columns, 50 nonzeros
Variable types: 0 continuous, 15 integer (5 binary)
Found heuristic solution: objective 4456.0000000
Found heuristic solution: objective 2574.0000000

Root relaxation: objective 2.368000e+03, 5 iterations, 0.00 seconds

    Nodes    |    Current Node    |     Objective Bounds      |     Work
 Expl Unexpl |  Obj  Depth IntInf | Incumbent    BestBd   Gap | It/Node Time

     0     0 2368.00000    0    5 2574.00000 2368.00000  8.00%     -    0s
H    0     0                    2539.0000000 2368.00000  6.73%     -    0s
     0     0 2368.00000    0    4 2539.00000 2368.00000  6.73%     -    0s
     0     0 2491.00000    0   10 2539.00000 2491.00000  1.89%     -    0s
     0     0 2491.00000    0   14 2539.00000 2491.00000  1.89%     -    0s
     0     0 2491.00000    0   13 2539.00000 2491.00000  1.89%     -    0s
     0     2 2491.00000    0   13 2539.00000 2491.00000  1.89%     -    0s

Cutting planes:
  Gomory: 2
  Implied bound: 4
  MIR: 2

Explored 9 nodes (89 simplex iterations) in 0.18 seconds
Thread count was 12 (of 12 available processors)

Solution count 3: 2539 2574 4456 

Optimal solution found (tolerance 1.00e-04)
Best objective 2.539000000000e+03, best bound 2.539000000000e+03, gap 0.0000%

Gurobi 8.1.1 (win64, Python) logging started 01/31/20 12:23:47

Academic license - for non-commercial use only
Warning: variable name "travel_Emma_Lulus Coffee_Lousberg" has a space
Warning: to let Gurobi read it back, use rlp format
Optimize a model with 2500 rows, 402 columns and 4104 nonzeros
Variable types: 0 continuous, 402 integer (296 binary)
Coefficient statistics:
  Matrix range     [1e+00, 8e+02]
  Objective range  [1e+00, 1e+00]
  Bounds range     [1e+00, 1e+00]
  RHS range        [4e-01, 8e+02]
Presolve removed 2310 rows and 242 columns
Presolve time: 0.00s
Presolved: 190 rows, 160 columns, 570 nonzeros
Variable types: 0 continuous, 160 integer (115 binary)
Found heuristic solution: objective 8240.0000000

Root relaxation: objective 1.539000e+03, 95 iterations, 0.00 seconds

    Nodes    |    Current Node    |     Objective Bounds      |     Work
 Expl Unexpl |  Obj  Depth IntInf | Incumbent    BestBd   Gap | It/Node Time

     0     0 1539.00000    0   52 8240.00000 1539.00000  81.3%     -    0s
H    0     0                    5894.0000000 1539.00000  73.9%     -    0s
H    0     0                    4939.0000000 1539.00000  68.8%     -    0s
     0     0 1769.99128    0  112 4939.00000 1769.99128  64.2%     -    0s
     0     0 1878.10131    0  108 4939.00000 1878.10131  62.0%     -    0s
     0     0 1884.79149    0  109 4939.00000 1884.79149  61.8%     -    0s
     0     0 1974.06694    0  122 4939.00000 1974.06694  60.0%     -    0s
H    0     0                    4875.0000000 1974.06694  59.5%     -    0s
H    0     0                    4708.0000000 1974.06694  58.1%     -    0s
     0     0 1993.99300    0  125 4708.00000 1993.99300  57.6%     -    0s
H    0     0                    4602.0000000 1993.99300  56.7%     -    0s
     0     0 2000.39770    0  126 4602.00000 2000.39770  56.5%     -    0s
     0     0 2038.43604    0  121 4602.00000 2038.43604  55.7%     -    0s
     0     0 2046.15967    0  129 4602.00000 2046.15967  55.5%     -    0s
     0     0 2048.28085    0  129 4602.00000 2048.28085  55.5%     -    0s
H    0     0                    4331.0000000 2048.28085  52.7%     -    0s
     0     0 2048.28085    0  130 4331.00000 2048.28085  52.7%     -    0s
     0     0 2073.04446    0  125 4331.00000 2073.04446  52.1%     -    0s
H    0     0                    4026.0000000 2073.04446  48.5%     -    0s
     0     0 2084.49118    0  127 4026.00000 2084.49118  48.2%     -    0s
     0     0 2085.72938    0  130 4026.00000 2085.72938  48.2%     -    0s
     0     0 2086.43585    0  130 4026.00000 2086.43585  48.2%     -    0s
     0     0 2089.45695    0  131 4026.00000 2089.45695  48.1%     -    0s
     0     0 2089.58560    0  132 4026.00000 2089.58560  48.1%     -    0s
     0     0 2098.66127    0  135 4026.00000 2098.66127  47.9%     -    0s
     0     0 2104.13862    0  131 4026.00000 2104.13862  47.7%     -    0s
     0     0 2105.44371    0  136 4026.00000 2105.44371  47.7%     -    0s
     0     0 2105.91940    0  133 4026.00000 2105.91940  47.7%     -    0s
     0     0 2118.15605    0  135 4026.00000 2118.15605  47.4%     -    0s
     0     0 2123.54564    0  136 4026.00000 2123.54564  47.3%     -    0s
     0     0 2124.47472    0  137 4026.00000 2124.47472  47.2%     -    0s
     0     0 2125.44760    0  136 4026.00000 2125.44760  47.2%     -    0s
     0     0 2125.53837    0  137 4026.00000 2125.53837  47.2%     -    0s
     0     0 2129.93007    0  135 4026.00000 2129.93007  47.1%     -    0s
     0     0 2133.04824    0  139 4026.00000 2133.04824  47.0%     -    0s
     0     0 2133.05903    0  139 4026.00000 2133.05903  47.0%     -    0s
     0     0 2137.02027    0  138 4026.00000 2137.02027  46.9%     -    0s
     0     0 2137.02027    0  137 4026.00000 2137.02027  46.9%     -    0s
H    0     0                    3664.0000000 2137.02027  41.7%     -    0s
     0     2 2137.02027    0  134 3664.00000 2137.02027  41.7%     -    0s
H  283   212                    3630.0000000 2276.70311  37.3%  22.6    0s
H 2105   849                    3626.0000000 2708.16761  25.3%  16.7    0s
H 2698  1028                    3618.0000000 2726.82603  24.6%  19.3    1s
H 2870  1001                    3566.0000000 2726.82603  23.5%  21.4    1s
H 2877   954                    3511.0000000 2726.82603  22.3%  21.4    1s
H 5551   675                    3510.0000000 2975.05420  15.2%  30.8    2s
*15379   549              36    3495.0000000 3311.89729  5.24%  28.2    4s
*15573   560              32    3494.0000000 3314.17188  5.15%  28.1    4s
 17048     0     cutoff   32      3494.00000 3437.13991  1.63%  27.1    5s

Cutting planes:
  Learned: 16
  Gomory: 3
  Implied bound: 24
  Clique: 7
  MIR: 162
  Flow cover: 273
  Inf proof: 1
  Zero half: 4

Explored 17199 nodes (464159 simplex iterations) in 5.03 seconds
Thread count was 12 (of 12 available processors)

Solution count 10: 3494 3495 3510 ... 4026

Optimal solution found (tolerance 1.00e-04)
Best objective 3.494000000000e+03, best bound 3.494000000000e+03, gap 0.0000%

Gurobi 8.1.1 (win64, Python) logging started 01/31/20 12:23:53

Academic license - for non-commercial use only
Warning: variable name "travel_Emma_Lulus Coffee_Lousberg" has a space
Warning: to let Gurobi read it back, use rlp format
Optimize a model with 2500 rows, 402 columns and 4104 nonzeros
Variable types: 0 continuous, 402 integer (296 binary)
Coefficient statistics:
  Matrix range     [1e+00, 8e+02]
  Objective range  [1e+00, 1e+00]
  Bounds range     [1e+00, 1e+00]
  RHS range        [4e-01, 8e+02]
Presolve removed 2310 rows and 242 columns
Presolve time: 0.00s
Presolved: 190 rows, 160 columns, 570 nonzeros
Variable types: 0 continuous, 160 integer (115 binary)
Found heuristic solution: objective 8240.0000000

Root relaxation: objective 1.539000e+03, 95 iterations, 0.00 seconds

    Nodes    |    Current Node    |     Objective Bounds      |     Work
 Expl Unexpl |  Obj  Depth IntInf | Incumbent    BestBd   Gap | It/Node Time

     0     0 1539.00000    0   52 8240.00000 1539.00000  81.3%     -    0s
H    0     0                    5894.0000000 1539.00000  73.9%     -    0s
H    0     0                    4939.0000000 1539.00000  68.8%     -    0s
     0     0 1769.99128    0  112 4939.00000 1769.99128  64.2%     -    0s
     0     0 1878.10131    0  108 4939.00000 1878.10131  62.0%     -    0s
     0     0 1884.79149    0  109 4939.00000 1884.79149  61.8%     -    0s
     0     0 1974.06694    0  122 4939.00000 1974.06694  60.0%     -    0s
H    0     0                    4875.0000000 1974.06694  59.5%     -    0s
H    0     0                    4708.0000000 1974.06694  58.1%     -    0s
     0     0 1993.99300    0  125 4708.00000 1993.99300  57.6%     -    0s
H    0     0                    4602.0000000 1993.99300  56.7%     -    0s
     0     0 2000.39770    0  126 4602.00000 2000.39770  56.5%     -    0s
     0     0 2038.43604    0  121 4602.00000 2038.43604  55.7%     -    0s
     0     0 2046.15967    0  129 4602.00000 2046.15967  55.5%     -    0s
     0     0 2048.28085    0  129 4602.00000 2048.28085  55.5%     -    0s
H    0     0                    4331.0000000 2048.28085  52.7%     -    0s
     0     0 2048.28085    0  130 4331.00000 2048.28085  52.7%     -    0s
     0     0 2073.04446    0  125 4331.00000 2073.04446  52.1%     -    0s
H    0     0                    4026.0000000 2073.04446  48.5%     -    0s
     0     0 2084.49118    0  127 4026.00000 2084.49118  48.2%     -    0s
     0     0 2085.72938    0  130 4026.00000 2085.72938  48.2%     -    0s
     0     0 2086.43585    0  130 4026.00000 2086.43585  48.2%     -    0s
     0     0 2089.45695    0  131 4026.00000 2089.45695  48.1%     -    0s
     0     0 2089.58560    0  132 4026.00000 2089.58560  48.1%     -    0s
     0     0 2098.66127    0  135 4026.00000 2098.66127  47.9%     -    0s
     0     0 2104.13862    0  131 4026.00000 2104.13862  47.7%     -    0s
     0     0 2105.44371    0  136 4026.00000 2105.44371  47.7%     -    0s
     0     0 2105.91940    0  133 4026.00000 2105.91940  47.7%     -    0s
     0     0 2118.15605    0  135 4026.00000 2118.15605  47.4%     -    0s
     0     0 2123.54564    0  136 4026.00000 2123.54564  47.3%     -    0s
     0     0 2124.47472    0  137 4026.00000 2124.47472  47.2%     -    0s
     0     0 2125.44760    0  136 4026.00000 2125.44760  47.2%     -    0s
     0     0 2125.53837    0  137 4026.00000 2125.53837  47.2%     -    0s
     0     0 2129.93007    0  135 4026.00000 2129.93007  47.1%     -    0s
     0     0 2133.04824    0  139 4026.00000 2133.04824  47.0%     -    0s
     0     0 2133.05903    0  139 4026.00000 2133.05903  47.0%     -    0s
     0     0 2137.02027    0  138 4026.00000 2137.02027  46.9%     -    0s
     0     0 2137.02027    0  137 4026.00000 2137.02027  46.9%     -    0s
H    0     0                    3664.0000000 2137.02027  41.7%     -    0s
     0     2 2137.02027    0  134 3664.00000 2137.02027  41.7%     -    0s
H  283   212                    3630.0000000 2276.70311  37.3%  22.6    0s
H 2105   849                    3626.0000000 2708.16761  25.3%  16.7    0s
H 2698  1028                    3618.0000000 2726.82603  24.6%  19.3    1s
H 2870  1001                    3566.0000000 2726.82603  23.5%  21.4    1s
H 2877   954                    3511.0000000 2726.82603  22.3%  21.4    1s
H 5551   675                    3510.0000000 2975.05420  15.2%  30.8    2s
*15379   549              36    3495.0000000 3311.89729  5.24%  28.2    4s
*15573   560              32    3494.0000000 3314.17188  5.15%  28.1    5s

Cutting planes:
  Learned: 16
  Gomory: 3
  Implied bound: 24
  Clique: 7
  MIR: 162
  Flow cover: 273
  Inf proof: 1
  Zero half: 4

Explored 17199 nodes (464159 simplex iterations) in 5.22 seconds
Thread count was 12 (of 12 available processors)

Solution count 10: 3494 3495 3510 ... 4026

Optimal solution found (tolerance 1.00e-04)
Best objective 3.494000000000e+03, best bound 3.494000000000e+03, gap 0.0000%

Gurobi 8.1.1 (win64, Python) logging started 01/31/20 12:23:59

Academic license - for non-commercial use only
Warning: variable name "travel_Emma_Lulus Coffee_Lousberg" has a space
Warning: to let Gurobi read it back, use rlp format
Optimize a model with 2500 rows, 402 columns and 4104 nonzeros
Variable types: 0 continuous, 402 integer (296 binary)
Coefficient statistics:
  Matrix range     [1e+00, 8e+02]
  Objective range  [1e+00, 1e+00]
  Bounds range     [1e+00, 1e+00]
  RHS range        [4e-01, 8e+02]
Presolve removed 2310 rows and 242 columns
Presolve time: 0.00s
Presolved: 190 rows, 160 columns, 570 nonzeros
Variable types: 0 continuous, 160 integer (115 binary)
Found heuristic solution: objective 8240.0000000

Root relaxation: objective 1.539000e+03, 95 iterations, 0.00 seconds

    Nodes    |    Current Node    |     Objective Bounds      |     Work
 Expl Unexpl |  Obj  Depth IntInf | Incumbent    BestBd   Gap | It/Node Time

     0     0 1539.00000    0   52 8240.00000 1539.00000  81.3%     -    0s
H    0     0                    5894.0000000 1539.00000  73.9%     -    0s
H    0     0                    4939.0000000 1539.00000  68.8%     -    0s
     0     0 1769.99128    0  112 4939.00000 1769.99128  64.2%     -    0s
     0     0 1878.10131    0  108 4939.00000 1878.10131  62.0%     -    0s
     0     0 1884.79149    0  109 4939.00000 1884.79149  61.8%     -    0s
     0     0 1974.06694    0  122 4939.00000 1974.06694  60.0%     -    0s
H    0     0                    4875.0000000 1974.06694  59.5%     -    0s
H    0     0                    4708.0000000 1974.06694  58.1%     -    0s
     0     0 1993.99300    0  125 4708.00000 1993.99300  57.6%     -    0s
H    0     0                    4602.0000000 1993.99300  56.7%     -    0s
     0     0 2000.39770    0  126 4602.00000 2000.39770  56.5%     -    0s
     0     0 2038.43604    0  121 4602.00000 2038.43604  55.7%     -    0s
     0     0 2046.15967    0  129 4602.00000 2046.15967  55.5%     -    0s
     0     0 2048.28085    0  129 4602.00000 2048.28085  55.5%     -    0s
H    0     0                    4331.0000000 2048.28085  52.7%     -    0s
     0     0 2048.28085    0  130 4331.00000 2048.28085  52.7%     -    0s
     0     0 2073.04446    0  125 4331.00000 2073.04446  52.1%     -    0s
H    0     0                    4026.0000000 2073.04446  48.5%     -    0s
     0     0 2084.49118    0  127 4026.00000 2084.49118  48.2%     -    0s
     0     0 2085.72938    0  130 4026.00000 2085.72938  48.2%     -    0s
     0     0 2086.43585    0  130 4026.00000 2086.43585  48.2%     -    0s
     0     0 2089.45695    0  131 4026.00000 2089.45695  48.1%     -    0s
     0     0 2089.58560    0  132 4026.00000 2089.58560  48.1%     -    0s
     0     0 2098.66127    0  135 4026.00000 2098.66127  47.9%     -    0s
     0     0 2104.13862    0  131 4026.00000 2104.13862  47.7%     -    0s
     0     0 2105.44371    0  136 4026.00000 2105.44371  47.7%     -    0s
     0     0 2105.91940    0  133 4026.00000 2105.91940  47.7%     -    0s
     0     0 2118.15605    0  135 4026.00000 2118.15605  47.4%     -    0s
     0     0 2123.54564    0  136 4026.00000 2123.54564  47.3%     -    0s
     0     0 2124.47472    0  137 4026.00000 2124.47472  47.2%     -    0s
     0     0 2125.44760    0  136 4026.00000 2125.44760  47.2%     -    0s
     0     0 2125.53837    0  137 4026.00000 2125.53837  47.2%     -    0s
     0     0 2129.93007    0  135 4026.00000 2129.93007  47.1%     -    0s
     0     0 2133.04824    0  139 4026.00000 2133.04824  47.0%     -    0s
     0     0 2133.05903    0  139 4026.00000 2133.05903  47.0%     -    0s
     0     0 2137.02027    0  138 4026.00000 2137.02027  46.9%     -    0s
     0     0 2137.02027    0  137 4026.00000 2137.02027  46.9%     -    0s
H    0     0                    3664.0000000 2137.02027  41.7%     -    0s
     0     2 2137.02027    0  134 3664.00000 2137.02027  41.7%     -    0s
H  283   212                    3630.0000000 2276.70311  37.3%  22.6    0s
H 2105   849                    3626.0000000 2708.16761  25.3%  16.7    0s
H 2698  1028                    3618.0000000 2726.82603  24.6%  19.3    1s
H 2870  1001                    3566.0000000 2726.82603  23.5%  21.4    1s
H 2877   954                    3511.0000000 2726.82603  22.3%  21.4    1s
H 5551   675                    3510.0000000 2975.05420  15.2%  30.8    2s
 14246   723     cutoff   32      3510.00000 3261.57206  7.08%  28.8    5s
*15379   549              36    3495.0000000 3311.89729  5.24%  28.2    5s
*15573   560              32    3494.0000000 3314.17188  5.15%  28.1    5s

Cutting planes:
  Learned: 16
  Gomory: 3
  Implied bound: 24
  Clique: 7
  MIR: 162
  Flow cover: 273
  Inf proof: 1
  Zero half: 4

Explored 17199 nodes (464159 simplex iterations) in 5.32 seconds
Thread count was 12 (of 12 available processors)

Solution count 10: 3494 3495 3510 ... 4026

Optimal solution found (tolerance 1.00e-04)
Best objective 3.494000000000e+03, best bound 3.494000000000e+03, gap 0.0000%

Gurobi 8.1.1 (win64, Python) logging started 01/31/20 12:27:15

Academic license - for non-commercial use only
Warning: variable name "travel_Hanna_Lousberg_Frankenberger Park" has a space
Warning: to let Gurobi read it back, use rlp format
Optimize a model with 2136 rows, 312 columns and 3216 nonzeros
Variable types: 0 continuous, 312 integer (216 binary)
Coefficient statistics:
  Matrix range     [1e+00, 8e+02]
  Objective range  [1e+00, 1e+00]
  Bounds range     [1e+00, 1e+00]
  RHS range        [4e-01, 8e+02]
Presolve removed 2116 rows and 297 columns
Presolve time: 0.01s
Presolved: 20 rows, 15 columns, 50 nonzeros
Variable types: 0 continuous, 15 integer (5 binary)
Found heuristic solution: objective 4456.0000000
Found heuristic solution: objective 2574.0000000

Root relaxation: objective 2.368000e+03, 5 iterations, 0.00 seconds

    Nodes    |    Current Node    |     Objective Bounds      |     Work
 Expl Unexpl |  Obj  Depth IntInf | Incumbent    BestBd   Gap | It/Node Time

     0     0 2368.00000    0    5 2574.00000 2368.00000  8.00%     -    0s
H    0     0                    2539.0000000 2368.00000  6.73%     -    0s
     0     0 2368.00000    0    4 2539.00000 2368.00000  6.73%     -    0s
     0     0 2491.00000    0   10 2539.00000 2491.00000  1.89%     -    0s
     0     0 2491.00000    0   14 2539.00000 2491.00000  1.89%     -    0s
     0     0 2491.00000    0   13 2539.00000 2491.00000  1.89%     -    0s
     0     2 2491.00000    0   13 2539.00000 2491.00000  1.89%     -    0s

Cutting planes:
  Gomory: 2
  Implied bound: 4
  MIR: 2

Explored 9 nodes (89 simplex iterations) in 0.06 seconds
Thread count was 12 (of 12 available processors)

Solution count 3: 2539 2574 4456 

Optimal solution found (tolerance 1.00e-04)
Best objective 2.539000000000e+03, best bound 2.539000000000e+03, gap 0.0000%

Gurobi 8.1.1 (win64, Python) logging started 01/31/20 12:27:23

Academic license - for non-commercial use only
Warning: variable name "travel_Hanna_Lousberg_Frankenberger Park" has a space
Warning: to let Gurobi read it back, use rlp format
Optimize a model with 2136 rows, 312 columns and 3216 nonzeros
Variable types: 0 continuous, 312 integer (216 binary)
Coefficient statistics:
  Matrix range     [1e+00, 8e+02]
  Objective range  [1e+00, 1e+00]
  Bounds range     [1e+00, 1e+00]
  RHS range        [4e-01, 8e+02]
Presolve removed 2116 rows and 297 columns
Presolve time: 0.02s
Presolved: 20 rows, 15 columns, 50 nonzeros
Variable types: 0 continuous, 15 integer (5 binary)
Found heuristic solution: objective 4456.0000000
Found heuristic solution: objective 2574.0000000

Root relaxation: objective 2.368000e+03, 5 iterations, 0.00 seconds

    Nodes    |    Current Node    |     Objective Bounds      |     Work
 Expl Unexpl |  Obj  Depth IntInf | Incumbent    BestBd   Gap | It/Node Time

     0     0 2368.00000    0    5 2574.00000 2368.00000  8.00%     -    0s
H    0     0                    2539.0000000 2368.00000  6.73%     -    0s
     0     0 2368.00000    0    4 2539.00000 2368.00000  6.73%     -    0s
     0     0 2491.00000    0   10 2539.00000 2491.00000  1.89%     -    0s
     0     0 2491.00000    0   14 2539.00000 2491.00000  1.89%     -    0s
     0     0 2491.00000    0   13 2539.00000 2491.00000  1.89%     -    0s
     0     2 2491.00000    0   13 2539.00000 2491.00000  1.89%     -    0s

Cutting planes:
  Gomory: 2
  Implied bound: 4
  MIR: 2

Explored 9 nodes (89 simplex iterations) in 0.16 seconds
Thread count was 12 (of 12 available processors)

Solution count 3: 2539 2574 4456 

Optimal solution found (tolerance 1.00e-04)
Best objective 2.539000000000e+03, best bound 2.539000000000e+03, gap 0.0000%

Gurobi 8.1.1 (win64, Python) logging started 01/31/20 12:29:18

Academic license - for non-commercial use only
Warning: variable name "travel_Hanna_Lousberg_Frankenberger Park" has a space
Warning: to let Gurobi read it back, use rlp format
Optimize a model with 2160 rows, 312 columns and 3240 nonzeros
Variable types: 0 continuous, 312 integer (216 binary)
Coefficient statistics:
  Matrix range     [1e+00, 8e+02]
  Objective range  [1e+00, 1e+00]
  Bounds range     [1e+00, 1e+00]
  RHS range        [4e-01, 8e+02]
Presolve removed 2140 rows and 297 columns
Presolve time: 0.03s
Presolved: 20 rows, 15 columns, 50 nonzeros
Variable types: 0 continuous, 15 integer (5 binary)
Found heuristic solution: objective 4456.0000000
Found heuristic solution: objective 2574.0000000

Root relaxation: objective 2.368000e+03, 5 iterations, 0.00 seconds

    Nodes    |    Current Node    |     Objective Bounds      |     Work
 Expl Unexpl |  Obj  Depth IntInf | Incumbent    BestBd   Gap | It/Node Time

     0     0 2368.00000    0    5 2574.00000 2368.00000  8.00%     -    0s
H    0     0                    2539.0000000 2368.00000  6.73%     -    0s
     0     0 2368.00000    0    4 2539.00000 2368.00000  6.73%     -    0s
     0     0 2491.00000    0   10 2539.00000 2491.00000  1.89%     -    0s
     0     0 2491.00000    0   14 2539.00000 2491.00000  1.89%     -    0s
     0     0 2491.00000    0   13 2539.00000 2491.00000  1.89%     -    0s
     0     2 2491.00000    0   13 2539.00000 2491.00000  1.89%     -    0s

Cutting planes:
  Gomory: 2
  Implied bound: 4
  MIR: 2

Explored 9 nodes (89 simplex iterations) in 0.17 seconds
Thread count was 12 (of 12 available processors)

Solution count 3: 2539 2574 4456 

Optimal solution found (tolerance 1.00e-04)
Best objective 2.539000000000e+03, best bound 2.539000000000e+03, gap 0.0000%

Gurobi 8.1.1 (win64, Python) logging started 01/31/20 12:29:29

Academic license - for non-commercial use only
Warning: variable name "travel_Hanna_Lousberg_Frankenberger Park" has a space
Warning: to let Gurobi read it back, use rlp format
Optimize a model with 2160 rows, 312 columns and 3240 nonzeros
Variable types: 0 continuous, 312 integer (216 binary)
Coefficient statistics:
  Matrix range     [1e+00, 8e+02]
  Objective range  [1e+00, 1e+00]
  Bounds range     [1e+00, 1e+00]
  RHS range        [4e-01, 8e+02]
Presolve removed 2140 rows and 297 columns
Presolve time: 0.01s
Presolved: 20 rows, 15 columns, 50 nonzeros
Variable types: 0 continuous, 15 integer (5 binary)
Found heuristic solution: objective 4456.0000000
Found heuristic solution: objective 2574.0000000

Root relaxation: objective 2.368000e+03, 5 iterations, 0.00 seconds

    Nodes    |    Current Node    |     Objective Bounds      |     Work
 Expl Unexpl |  Obj  Depth IntInf | Incumbent    BestBd   Gap | It/Node Time

     0     0 2368.00000    0    5 2574.00000 2368.00000  8.00%     -    0s
H    0     0                    2539.0000000 2368.00000  6.73%     -    0s
     0     0 2368.00000    0    4 2539.00000 2368.00000  6.73%     -    0s
     0     0 2491.00000    0   10 2539.00000 2491.00000  1.89%     -    0s
     0     0 2491.00000    0   14 2539.00000 2491.00000  1.89%     -    0s
     0     0 2491.00000    0   13 2539.00000 2491.00000  1.89%     -    0s
     0     2 2491.00000    0   13 2539.00000 2491.00000  1.89%     -    0s

Cutting planes:
  Gomory: 2
  Implied bound: 4
  MIR: 2

Explored 9 nodes (89 simplex iterations) in 0.08 seconds
Thread count was 12 (of 12 available processors)

Solution count 3: 2539 2574 4456 

Optimal solution found (tolerance 1.00e-04)
Best objective 2.539000000000e+03, best bound 2.539000000000e+03, gap 0.0000%

Gurobi 8.1.1 (win64, Python) logging started 01/31/20 12:35:43

Academic license - for non-commercial use only
Warning: variable name "travel_Hanna_Lousberg_Frankenberger Park" has a space
Warning: to let Gurobi read it back, use rlp format
Optimize a model with 2208 rows, 312 columns and 3288 nonzeros
Variable types: 0 continuous, 312 integer (216 binary)
Coefficient statistics:
  Matrix range     [1e+00, 8e+02]
  Objective range  [1e+00, 1e+00]
  Bounds range     [1e+00, 1e+00]
  RHS range        [4e-01, 8e+02]
Presolve removed 2188 rows and 297 columns
Presolve time: 0.02s
Presolved: 20 rows, 15 columns, 50 nonzeros
Variable types: 0 continuous, 15 integer (5 binary)
Found heuristic solution: objective 4456.0000000
Found heuristic solution: objective 2574.0000000

Root relaxation: objective 2.368000e+03, 5 iterations, 0.00 seconds

    Nodes    |    Current Node    |     Objective Bounds      |     Work
 Expl Unexpl |  Obj  Depth IntInf | Incumbent    BestBd   Gap | It/Node Time

     0     0 2368.00000    0    5 2574.00000 2368.00000  8.00%     -    0s
H    0     0                    2539.0000000 2368.00000  6.73%     -    0s
     0     0 2368.00000    0    4 2539.00000 2368.00000  6.73%     -    0s
     0     0 2491.00000    0   10 2539.00000 2491.00000  1.89%     -    0s
     0     0 2491.00000    0   14 2539.00000 2491.00000  1.89%     -    0s
     0     0 2491.00000    0   13 2539.00000 2491.00000  1.89%     -    0s
     0     2 2491.00000    0   13 2539.00000 2491.00000  1.89%     -    0s

Cutting planes:
  Gomory: 2
  Implied bound: 4
  MIR: 2

Explored 9 nodes (89 simplex iterations) in 0.10 seconds
Thread count was 12 (of 12 available processors)

Solution count 3: 2539 2574 4456 

Optimal solution found (tolerance 1.00e-04)
Best objective 2.539000000000e+03, best bound 2.539000000000e+03, gap 0.0000%

Gurobi 8.1.1 (win64, Python) logging started 01/31/20 12:38:32

Academic license - for non-commercial use only
Warning: variable name "travel_Hanna_Lousberg_Frankenberger Park" has a space
Warning: to let Gurobi read it back, use rlp format
Optimize a model with 2208 rows, 312 columns and 3288 nonzeros
Variable types: 0 continuous, 312 integer (216 binary)
Coefficient statistics:
  Matrix range     [1e+00, 8e+02]
  Objective range  [1e+00, 1e+00]
  Bounds range     [1e+00, 1e+00]
  RHS range        [1e+00, 8e+02]
Presolve removed 2188 rows and 297 columns
Presolve time: 0.02s
Presolved: 20 rows, 15 columns, 50 nonzeros
Variable types: 0 continuous, 15 integer (5 binary)
Found heuristic solution: objective 3826.0000000
Found heuristic solution: objective 2574.0000000

Root relaxation: objective 2.368000e+03, 5 iterations, 0.00 seconds

    Nodes    |    Current Node    |     Objective Bounds      |     Work
 Expl Unexpl |  Obj  Depth IntInf | Incumbent    BestBd   Gap | It/Node Time

     0     0 2368.00000    0    5 2574.00000 2368.00000  8.00%     -    0s
H    0     0                    2539.0000000 2368.00000  6.73%     -    0s
     0     0 2368.00000    0    4 2539.00000 2368.00000  6.73%     -    0s
     0     0 2491.00000    0   10 2539.00000 2491.00000  1.89%     -    0s
     0     0 2491.00000    0   14 2539.00000 2491.00000  1.89%     -    0s
     0     0 2491.00000    0   13 2539.00000 2491.00000  1.89%     -    0s
     0     2 2491.00000    0   13 2539.00000 2491.00000  1.89%     -    0s

Cutting planes:
  Gomory: 2
  Implied bound: 4
  MIR: 2

Explored 9 nodes (90 simplex iterations) in 0.15 seconds
Thread count was 12 (of 12 available processors)

Solution count 3: 2539 2574 3826 

Optimal solution found (tolerance 1.00e-04)
Best objective 2.539000000000e+03, best bound 2.539000000000e+03, gap 0.0000%

Gurobi 8.1.1 (win64, Python) logging started 01/31/20 12:38:50

Academic license - for non-commercial use only
Warning: variable name "travel_Hanna_Lousberg_Frankenberger Park" has a space
Warning: to let Gurobi read it back, use rlp format
Optimize a model with 2208 rows, 312 columns and 3288 nonzeros
Variable types: 0 continuous, 312 integer (216 binary)
Coefficient statistics:
  Matrix range     [1e+00, 8e+02]
  Objective range  [1e+00, 1e+00]
  Bounds range     [1e+00, 1e+00]
  RHS range        [1e+00, 8e+02]
Presolve removed 2188 rows and 297 columns
Presolve time: 0.02s
Presolved: 20 rows, 15 columns, 50 nonzeros
Variable types: 0 continuous, 15 integer (5 binary)
Found heuristic solution: objective 3826.0000000
Found heuristic solution: objective 2574.0000000

Root relaxation: objective 2.368000e+03, 5 iterations, 0.00 seconds

    Nodes    |    Current Node    |     Objective Bounds      |     Work
 Expl Unexpl |  Obj  Depth IntInf | Incumbent    BestBd   Gap | It/Node Time

     0     0 2368.00000    0    5 2574.00000 2368.00000  8.00%     -    0s
H    0     0                    2539.0000000 2368.00000  6.73%     -    0s
     0     0 2368.00000    0    4 2539.00000 2368.00000  6.73%     -    0s
     0     0 2491.00000    0   10 2539.00000 2491.00000  1.89%     -    0s
     0     0 2491.00000    0   14 2539.00000 2491.00000  1.89%     -    0s
     0     0 2491.00000    0   13 2539.00000 2491.00000  1.89%     -    0s
     0     2 2491.00000    0   13 2539.00000 2491.00000  1.89%     -    0s

Cutting planes:
  Gomory: 2
  Implied bound: 4
  MIR: 2

Explored 9 nodes (90 simplex iterations) in 0.09 seconds
Thread count was 12 (of 12 available processors)

Solution count 3: 2539 2574 3826 

Optimal solution found (tolerance 1.00e-04)
Best objective 2.539000000000e+03, best bound 2.539000000000e+03, gap 0.0000%

Gurobi 8.1.1 (win64, Python) logging started 01/31/20 12:41:23

Academic license - for non-commercial use only
Warning: variable name "travel_Hanna_Lousberg_Frankenberger Park" has a space
Warning: to let Gurobi read it back, use rlp format
Optimize a model with 1632 rows, 312 columns and 3280 nonzeros
Variable types: 0 continuous, 312 integer (216 binary)
Coefficient statistics:
  Matrix range     [1e+00, 8e+02]
  Objective range  [1e+00, 1e+00]
  Bounds range     [1e+00, 1e+00]
  RHS range        [1e+00, 8e+02]
Presolve removed 1612 rows and 297 columns
Presolve time: 0.01s
Presolved: 20 rows, 15 columns, 50 nonzeros
Variable types: 0 continuous, 15 integer (5 binary)
Found heuristic solution: objective 7195.0000000
Found heuristic solution: objective 6342.0000000
Found heuristic solution: objective 6329.0000000

Root relaxation: objective 5.804000e+03, 4 iterations, 0.00 seconds

    Nodes    |    Current Node    |     Objective Bounds      |     Work
 Expl Unexpl |  Obj  Depth IntInf | Incumbent    BestBd   Gap | It/Node Time

     0     0 5804.00000    0    2 6329.00000 5804.00000  8.30%     -    0s
H    0     0                    5956.0000000 5804.00000  2.55%     -    0s
     0     0 5873.22374    0    9 5956.00000 5873.22374  1.39%     -    0s
     0     0 5912.00000    0    6 5956.00000 5912.00000  0.74%     -    0s
     0     0 infeasible    0      5956.00000 5956.00000  0.00%     -    0s

Cutting planes:
  Gomory: 2
  Implied bound: 6
  MIR: 2

Explored 1 nodes (28 simplex iterations) in 0.04 seconds
Thread count was 12 (of 12 available processors)

Solution count 4: 5956 6329 6342 7195 

Optimal solution found (tolerance 1.00e-04)
Best objective 5.956000000000e+03, best bound 5.956000000000e+03, gap 0.0000%

Gurobi 8.1.1 (win64, Python) logging started 01/31/20 12:41:52

Academic license - for non-commercial use only
Warning: variable name "travel_Emma_Lulus Coffee_Lousberg" has a space
Warning: to let Gurobi read it back, use rlp format
Optimize a model with 1992 rows, 402 columns and 4136 nonzeros
Variable types: 0 continuous, 402 integer (296 binary)
Coefficient statistics:
  Matrix range     [1e+00, 8e+02]
  Objective range  [1e+00, 1e+00]
  Bounds range     [1e+00, 1e+00]
  RHS range        [1e+00, 8e+02]
Presolve removed 1829 rows and 262 columns
Presolve time: 0.01s
Presolved: 163 rows, 140 columns, 486 nonzeros
Variable types: 0 continuous, 140 integer (101 binary)
Found heuristic solution: objective 9561.0000000
Found heuristic solution: objective 9276.0000000

Root relaxation: objective 6.827000e+03, 78 iterations, 0.00 seconds

    Nodes    |    Current Node    |     Objective Bounds      |     Work
 Expl Unexpl |  Obj  Depth IntInf | Incumbent    BestBd   Gap | It/Node Time

     0     0 6827.00000    0   41 9276.00000 6827.00000  26.4%     -    0s
H    0     0                    9037.0000000 6827.00000  24.5%     -    0s
     0     0 6861.01016    0   82 9037.00000 6861.01016  24.1%     -    0s
H    0     0                    8565.0000000 6861.01016  19.9%     -    0s
     0     0 7016.46833    0   75 8565.00000 7016.46833  18.1%     -    0s
     0     0 7021.99848    0   74 8565.00000 7021.99848  18.0%     -    0s
H    0     0                    8527.0000000 7021.99848  17.6%     -    0s
H    0     0                    8360.0000000 7021.99848  16.0%     -    0s
H    0     0                    8329.0000000 7021.99848  15.7%     -    0s
H    0     0                    8302.0000000 7021.99848  15.4%     -    0s
     0     0 7109.07405    0   86 8302.00000 7109.07405  14.4%     -    0s
     0     0 7133.61336    0   83 8302.00000 7133.61336  14.1%     -    0s
     0     0 7133.61693    0   83 8302.00000 7133.61693  14.1%     -    0s
     0     0 7160.81706    0   86 8302.00000 7160.81706  13.7%     -    0s
     0     0 7165.05066    0   94 8302.00000 7165.05066  13.7%     -    0s
     0     0 7168.64175    0   97 8302.00000 7168.64175  13.7%     -    0s
     0     0 7177.74917    0   99 8302.00000 7177.74917  13.5%     -    0s
H    0     0                    8170.0000000 7177.74917  12.1%     -    0s
     0     0 7178.39559    0   99 8170.00000 7178.39559  12.1%     -    0s
     0     0 7178.58604    0  100 8170.00000 7178.58604  12.1%     -    0s
H    0     0                    8123.0000000 7178.58604  11.6%     -    0s
H    0     0                    8084.0000000 7178.58604  11.2%     -    0s
     0     0 7217.29664    0   99 8084.00000 7217.29664  10.7%     -    0s
     0     0 7219.12579    0  103 8084.00000 7219.12579  10.7%     -    0s
     0     0 7219.24791    0  106 8084.00000 7219.24791  10.7%     -    0s
H    0     0                    8072.0000000 7219.24791  10.6%     -    0s
     0     0 7228.22020    0  107 8072.00000 7228.22020  10.5%     -    0s
     0     0 7232.87954    0  106 8072.00000 7232.87954  10.4%     -    0s
     0     0 7232.89351    0  108 8072.00000 7232.89351  10.4%     -    0s
     0     0 7246.27329    0   87 8072.00000 7246.27329  10.2%     -    0s
     0     0 7250.21710    0   90 8072.00000 7250.21710  10.2%     -    0s
     0     0 7254.39247    0  104 8072.00000 7254.39247  10.1%     -    0s
     0     0 7254.63472    0  103 8072.00000 7254.63472  10.1%     -    0s
     0     0 7257.60571    0   99 8072.00000 7257.60571  10.1%     -    0s
     0     0 7259.31960    0  104 8072.00000 7259.31960  10.1%     -    0s
     0     0 7259.35861    0  104 8072.00000 7259.35861  10.1%     -    0s
     0     0 7260.28461    0  103 8072.00000 7260.28461  10.1%     -    0s
     0     0 7260.28461    0  102 8072.00000 7260.28461  10.1%     -    0s
H    0     0                    8026.0000000 7260.28461  9.54%     -    0s
     0     2 7260.28461    0  102 8026.00000 7260.28461  9.54%     -    0s
*  158    88              21    7999.0000000 7358.01708  8.01%  12.4    0s
H  200   100                    7991.0000000 7482.19871  6.37%  11.7    0s
*  217   106              19    7974.0000000 7482.19871  6.17%  11.4    0s
*  259   110              22    7966.0000000 7482.19871  6.07%  10.9    0s
H  293   113                    7945.0000000 7482.19871  5.83%  10.4    0s
*  568   169              14    7928.0000000 7509.08521  5.28%   9.3    0s
* 1161   226              15    7920.0000000 7635.06701  3.60%   8.7    0s

Cutting planes:
  Learned: 10
  Gomory: 2
  Cover: 5
  Implied bound: 42
  MIR: 76
  Inf proof: 6

Explored 4012 nodes (33490 simplex iterations) in 0.60 seconds
Thread count was 12 (of 12 available processors)

Solution count 10: 7920 7928 7945 ... 8084

Optimal solution found (tolerance 1.00e-04)
Best objective 7.920000000000e+03, best bound 7.920000000000e+03, gap 0.0000%

Gurobi 8.1.1 (win64, Python) logging started 01/31/20 12:44:26

Academic license - for non-commercial use only

Gurobi 8.1.1 (win64, Python) logging started 01/31/20 12:44:50

Academic license - for non-commercial use only

Gurobi 8.1.1 (win64, Python) logging started 01/31/20 12:45:31

Academic license - for non-commercial use only
Warning: variable name "travel_Emma_Lulus Coffee_Lousberg" has a space
Warning: to let Gurobi read it back, use rlp format
Optimize a model with 1992 rows, 402 columns and 4066 nonzeros
Variable types: 0 continuous, 402 integer (296 binary)
Coefficient statistics:
  Matrix range     [1e+00, 8e+02]
  Objective range  [1e+00, 1e+00]
  Bounds range     [1e+00, 1e+00]
  RHS range        [1e+00, 8e+02]
Presolve removed 1829 rows and 262 columns
Presolve time: 0.00s
Presolved: 163 rows, 140 columns, 486 nonzeros
Variable types: 0 continuous, 140 integer (101 binary)
Found heuristic solution: objective 9561.0000000
Found heuristic solution: objective 9276.0000000

Root relaxation: objective 6.827000e+03, 78 iterations, 0.00 seconds

    Nodes    |    Current Node    |     Objective Bounds      |     Work
 Expl Unexpl |  Obj  Depth IntInf | Incumbent    BestBd   Gap | It/Node Time

     0     0 6827.00000    0   41 9276.00000 6827.00000  26.4%     -    0s
H    0     0                    9037.0000000 6827.00000  24.5%     -    0s
     0     0 6861.01016    0   82 9037.00000 6861.01016  24.1%     -    0s
H    0     0                    8565.0000000 6861.01016  19.9%     -    0s
     0     0 7016.46833    0   75 8565.00000 7016.46833  18.1%     -    0s
     0     0 7021.99848    0   74 8565.00000 7021.99848  18.0%     -    0s
H    0     0                    8527.0000000 7021.99848  17.6%     -    0s
H    0     0                    8360.0000000 7021.99848  16.0%     -    0s
H    0     0                    8329.0000000 7021.99848  15.7%     -    0s
H    0     0                    8302.0000000 7021.99848  15.4%     -    0s
     0     0 7109.07405    0   86 8302.00000 7109.07405  14.4%     -    0s
     0     0 7133.61336    0   83 8302.00000 7133.61336  14.1%     -    0s
     0     0 7133.61693    0   83 8302.00000 7133.61693  14.1%     -    0s
     0     0 7160.81706    0   86 8302.00000 7160.81706  13.7%     -    0s
     0     0 7165.05066    0   94 8302.00000 7165.05066  13.7%     -    0s
     0     0 7168.64175    0   97 8302.00000 7168.64175  13.7%     -    0s
     0     0 7177.74917    0   99 8302.00000 7177.74917  13.5%     -    0s
H    0     0                    8170.0000000 7177.74917  12.1%     -    0s
     0     0 7178.39559    0   99 8170.00000 7178.39559  12.1%     -    0s
     0     0 7178.58604    0  100 8170.00000 7178.58604  12.1%     -    0s
H    0     0                    8123.0000000 7178.58604  11.6%     -    0s
H    0     0                    8084.0000000 7178.58604  11.2%     -    0s
     0     0 7217.29664    0   99 8084.00000 7217.29664  10.7%     -    0s
     0     0 7219.12579    0  103 8084.00000 7219.12579  10.7%     -    0s
     0     0 7219.24791    0  106 8084.00000 7219.24791  10.7%     -    0s
H    0     0                    8072.0000000 7219.24791  10.6%     -    0s
     0     0 7228.22020    0  107 8072.00000 7228.22020  10.5%     -    0s
     0     0 7232.87954    0  106 8072.00000 7232.87954  10.4%     -    0s
     0     0 7232.89351    0  108 8072.00000 7232.89351  10.4%     -    0s
     0     0 7246.27329    0   87 8072.00000 7246.27329  10.2%     -    0s
     0     0 7250.21710    0   90 8072.00000 7250.21710  10.2%     -    0s
     0     0 7254.39247    0  104 8072.00000 7254.39247  10.1%     -    0s
     0     0 7254.63472    0  103 8072.00000 7254.63472  10.1%     -    0s
     0     0 7257.60571    0   99 8072.00000 7257.60571  10.1%     -    0s
     0     0 7259.31960    0  104 8072.00000 7259.31960  10.1%     -    0s
     0     0 7259.35861    0  104 8072.00000 7259.35861  10.1%     -    0s
     0     0 7260.28461    0  103 8072.00000 7260.28461  10.1%     -    0s
     0     0 7260.28461    0  102 8072.00000 7260.28461  10.1%     -    0s
H    0     0                    8026.0000000 7260.28461  9.54%     -    0s
     0     2 7260.28461    0  102 8026.00000 7260.28461  9.54%     -    0s
*  158    88              21    7999.0000000 7358.01708  8.01%  12.4    0s
H  200   100                    7991.0000000 7482.19871  6.37%  11.7    0s
*  217   106              19    7974.0000000 7482.19871  6.17%  11.4    0s
*  259   110              22    7966.0000000 7482.19871  6.07%  10.9    0s
H  293   113                    7945.0000000 7482.19871  5.83%  10.4    0s
*  568   169              14    7928.0000000 7509.08521  5.28%   9.3    0s
* 1161   226              15    7920.0000000 7635.06701  3.60%   8.7    0s

Cutting planes:
  Learned: 10
  Gomory: 2
  Cover: 5
  Implied bound: 42
  MIR: 76
  Inf proof: 6

Explored 4012 nodes (33490 simplex iterations) in 0.49 seconds
Thread count was 12 (of 12 available processors)

Solution count 10: 7920 7928 7945 ... 8084

Optimal solution found (tolerance 1.00e-04)
Best objective 7.920000000000e+03, best bound 7.920000000000e+03, gap 0.0000%

Gurobi 8.1.1 (win64, Python) logging started 01/31/20 12:47:24

Academic license - for non-commercial use only
Warning: variable name "travel_Hanna_Lousberg_Frankenberger Park" has a space
Warning: to let Gurobi read it back, use rlp format
Optimize a model with 1632 rows, 312 columns and 3216 nonzeros
Variable types: 0 continuous, 312 integer (216 binary)
Coefficient statistics:
  Matrix range     [1e+00, 8e+02]
  Objective range  [1e+00, 1e+00]
  Bounds range     [1e+00, 1e+00]
  RHS range        [1e+00, 8e+02]
Presolve removed 1612 rows and 297 columns
Presolve time: 0.01s
Presolved: 20 rows, 15 columns, 50 nonzeros
Variable types: 0 continuous, 15 integer (5 binary)
Found heuristic solution: objective 8847.0000000
Found heuristic solution: objective 8065.0000000
Found heuristic solution: objective 7981.0000000

Root relaxation: objective 7.518000e+03, 4 iterations, 0.00 seconds

    Nodes    |    Current Node    |     Objective Bounds      |     Work
 Expl Unexpl |  Obj  Depth IntInf | Incumbent    BestBd   Gap | It/Node Time

     0     0 7518.00000    0    2 7981.00000 7518.00000  5.80%     -    0s
H    0     0                    7670.0000000 7518.00000  1.98%     -    0s
H    0     0                    7660.0000000 7518.00000  1.85%     -    0s
     0     0 7584.44444    0    5 7660.00000 7584.44444  0.99%     -    0s
     0     0 infeasible    0      7660.00000 7660.00000  0.00%     -    0s

Cutting planes:
  Gomory: 2
  Implied bound: 2
  MIR: 1

Explored 1 nodes (16 simplex iterations) in 0.07 seconds
Thread count was 12 (of 12 available processors)

Solution count 5: 7660 7670 7981 ... 8847

Optimal solution found (tolerance 1.00e-04)
Best objective 7.660000000000e+03, best bound 7.660000000000e+03, gap 0.0000%

Gurobi 8.1.1 (win64, Python) logging started 01/31/20 12:48:40

Academic license - for non-commercial use only
Warning: variable name "travel_Emma_Lulus Coffee_Lousberg" has a space
Warning: to let Gurobi read it back, use rlp format
Optimize a model with 1992 rows, 402 columns and 4066 nonzeros
Variable types: 0 continuous, 402 integer (296 binary)
Coefficient statistics:
  Matrix range     [1e+00, 8e+02]
  Objective range  [1e+00, 1e+00]
  Bounds range     [1e+00, 1e+00]
  RHS range        [1e+00, 8e+02]
Presolve removed 1826 rows and 261 columns
Presolve time: 0.01s
Presolved: 166 rows, 141 columns, 492 nonzeros
Variable types: 0 continuous, 141 integer (101 binary)
Found heuristic solution: objective 11379.000000
Found heuristic solution: objective 10892.000000

Root relaxation: objective 8.566000e+03, 78 iterations, 0.00 seconds

    Nodes    |    Current Node    |     Objective Bounds      |     Work
 Expl Unexpl |  Obj  Depth IntInf | Incumbent    BestBd   Gap | It/Node Time

     0     0 8566.00000    0   40 10892.0000 8566.00000  21.4%     -    0s
H    0     0                    10744.000000 8566.00000  20.3%     -    0s
H    0     0                    10729.000000 8566.00000  20.2%     -    0s
H    0     0                    10408.000000 8566.00000  17.7%     -    0s
     0     0 8604.70448    0   79 10408.0000 8604.70448  17.3%     -    0s
H    0     0                    10229.000000 8604.70448  15.9%     -    0s
H    0     0                    10067.000000 8604.70448  14.5%     -    0s
     0     0 8751.56865    0   73 10067.0000 8751.56865  13.1%     -    0s
     0     0 8751.56865    0   72 10067.0000 8751.56865  13.1%     -    0s
H    0     0                    9960.0000000 8751.56865  12.1%     -    0s
H    0     0                    9942.0000000 8751.56865  12.0%     -    0s
H    0     0                    9696.0000000 8751.56865  9.74%     -    0s
     0     0 8792.79045    0   75 9696.00000 8792.79045  9.32%     -    0s
H    0     0                    9690.0000000 8792.79045  9.26%     -    0s
     0     0 8797.75738    0   76 9690.00000 8797.75738  9.21%     -    0s
     0     0 8799.95783    0   73 9690.00000 8799.95783  9.19%     -    0s
     0     0 8800.68929    0   77 9690.00000 8800.68929  9.18%     -    0s
     0     0 8804.48517    0   77 9690.00000 8804.48517  9.14%     -    0s
     0     0 8804.48847    0   78 9690.00000 8804.48847  9.14%     -    0s
     0     0 8830.42242    0   90 9690.00000 8830.42242  8.87%     -    0s
     0     0 8831.09428    0   92 9690.00000 8831.09428  8.86%     -    0s
     0     0 8831.09428    0   94 9690.00000 8831.09428  8.86%     -    0s
     0     0 8850.70196    0  100 9690.00000 8850.70196  8.66%     -    0s
     0     0 8859.79617    0  105 9690.00000 8859.79617  8.57%     -    0s
     0     0 8863.19447    0  105 9690.00000 8863.19447  8.53%     -    0s
     0     0 8863.19447    0  105 9690.00000 8863.19447  8.53%     -    0s
     0     0 8872.77186    0   87 9690.00000 8872.77186  8.43%     -    0s
     0     0 8877.63914    0   99 9690.00000 8877.63914  8.38%     -    0s
     0     0 8878.34403    0  103 9690.00000 8878.34403  8.38%     -    0s
     0     0 8878.35277    0  105 9690.00000 8878.35277  8.38%     -    0s
H    0     0                    9609.0000000 8878.35277  7.60%     -    0s
     0     0 8908.06092    0  103 9609.00000 8908.06092  7.29%     -    0s
     0     0 8914.11297    0   99 9609.00000 8914.11297  7.23%     -    0s
     0     0 8915.21641    0  106 9609.00000 8915.21641  7.22%     -    0s
     0     0 8915.31484    0  108 9609.00000 8915.31484  7.22%     -    0s
     0     0 8923.39124    0  104 9609.00000 8923.39124  7.14%     -    0s
     0     0 8925.62944    0  104 9609.00000 8925.62944  7.11%     -    0s
     0     0 8925.92544    0  101 9609.00000 8925.92544  7.11%     -    0s
     0     0 8927.78276    0  105 9609.00000 8927.78276  7.09%     -    0s
     0     0 8941.00000    0  109 9609.00000 8941.00000  6.95%     -    0s
     0     0 8967.00000    0  110 9609.00000 8967.00000  6.68%     -    0s
     0     0 8973.00000    0  110 9609.00000 8973.00000  6.62%     -    0s
     0     0 8973.00000    0  106 9609.00000 8973.00000  6.62%     -    0s
     0     2 8973.00000    0  103 9609.00000 8973.00000  6.62%     -    0s

Cutting planes:
  Learned: 7
  Gomory: 2
  Implied bound: 35
  MIR: 103
  Inf proof: 1

Explored 1481 nodes (13585 simplex iterations) in 0.50 seconds
Thread count was 12 (of 12 available processors)

Solution count 10: 9609 9690 9696 ... 10744

Optimal solution found (tolerance 1.00e-04)
Best objective 9.609000000000e+03, best bound 9.609000000000e+03, gap 0.0000%

Gurobi 8.1.1 (win64, Python) logging started 01/31/20 12:49:41

Academic license - for non-commercial use only
Warning: variable name "travel_Hanna_Lousberg_Frankenberger Park" has a space
Warning: to let Gurobi read it back, use rlp format
Optimize a model with 1584 rows, 312 columns and 3168 nonzeros
Variable types: 0 continuous, 312 integer (216 binary)
Coefficient statistics:
  Matrix range     [1e+00, 8e+02]
  Objective range  [1e+00, 1e+00]
  Bounds range     [1e+00, 1e+00]
  RHS range        [1e+00, 8e+02]
Presolve removed 1564 rows and 297 columns
Presolve time: 0.01s
Presolved: 20 rows, 15 columns, 50 nonzeros
Variable types: 0 continuous, 15 integer (5 binary)
Found heuristic solution: objective 5453.0000000
Found heuristic solution: objective 4241.0000000

Root relaxation: objective 4.095000e+03, 5 iterations, 0.00 seconds

    Nodes    |    Current Node    |     Objective Bounds      |     Work
 Expl Unexpl |  Obj  Depth IntInf | Incumbent    BestBd   Gap | It/Node Time

     0     0 4095.00000    0    5 4241.00000 4095.00000  3.44%     -    0s
H    0     0                    4237.0000000 4095.00000  3.35%     -    0s
     0     0 4095.27966    0    5 4237.00000 4095.27966  3.34%     -    0s
     0     0 4189.00000    0   13 4237.00000 4189.00000  1.13%     -    0s
     0     0 4189.00000    0   15 4237.00000 4189.00000  1.13%     -    0s
     0     0 4189.00000    0   15 4237.00000 4189.00000  1.13%     -    0s
     0     2 4189.00000    0   15 4237.00000 4189.00000  1.13%     -    0s

Cutting planes:
  Gomory: 3
  Implied bound: 7
  MIR: 3

Explored 9 nodes (96 simplex iterations) in 0.18 seconds
Thread count was 12 (of 12 available processors)

Solution count 3: 4237 4241 5453 

Optimal solution found (tolerance 1.00e-04)
Best objective 4.237000000000e+03, best bound 4.237000000000e+03, gap 0.0000%

Gurobi 8.1.1 (win64, Python) logging started 01/31/20 12:49:54

Academic license - for non-commercial use only
Warning: variable name "travel_Emma_Lulus Coffee_Lousberg" has a space
Warning: to let Gurobi read it back, use rlp format
Optimize a model with 1934 rows, 402 columns and 4008 nonzeros
Variable types: 0 continuous, 402 integer (296 binary)
Coefficient statistics:
  Matrix range     [1e+00, 8e+02]
  Objective range  [1e+00, 1e+00]
  Bounds range     [1e+00, 1e+00]
  RHS range        [1e+00, 8e+02]
Presolve removed 1744 rows and 242 columns
Presolve time: 0.00s
Presolved: 190 rows, 160 columns, 570 nonzeros
Variable types: 0 continuous, 160 integer (115 binary)
Found heuristic solution: objective 8129.0000000

Root relaxation: objective 3.349000e+03, 94 iterations, 0.00 seconds

    Nodes    |    Current Node    |     Objective Bounds      |     Work
 Expl Unexpl |  Obj  Depth IntInf | Incumbent    BestBd   Gap | It/Node Time

     0     0 3349.00000    0   57 8129.00000 3349.00000  58.8%     -    0s
H    0     0                    6894.0000000 3349.00000  51.4%     -    0s
H    0     0                    6712.0000000 3349.00000  50.1%     -    0s
     0     0 3595.19493    0  111 6712.00000 3595.19493  46.4%     -    0s
     0     0 3677.63852    0  108 6712.00000 3677.63852  45.2%     -    0s
     0     0 3693.04043    0  108 6712.00000 3693.04043  45.0%     -    0s
     0     0 3694.45249    0  109 6712.00000 3694.45249  45.0%     -    0s
H    0     0                    6469.0000000 3694.45249  42.9%     -    0s
     0     0 3694.45249    0  109 6469.00000 3694.45249  42.9%     -    0s
H    0     0                    6172.0000000 3694.45249  40.1%     -    0s
H    0     0                    6160.0000000 3694.45249  40.0%     -    0s
H    0     0                    5934.0000000 3694.45249  37.7%     -    0s
H    0     0                    5864.0000000 3694.45249  37.0%     -    0s
     0     0 3745.54298    0  114 5864.00000 3745.54298  36.1%     -    0s
     0     0 3765.81548    0  115 5864.00000 3765.81548  35.8%     -    0s
     0     0 3768.64478    0  116 5864.00000 3768.64478  35.7%     -    0s
     0     0 3793.42783    0  119 5864.00000 3793.42783  35.3%     -    0s
     0     0 3801.03282    0  124 5864.00000 3801.03282  35.2%     -    0s
     0     0 3804.24667    0  126 5864.00000 3804.24667  35.1%     -    0s
     0     0 3804.48063    0  131 5864.00000 3804.48063  35.1%     -    0s
     0     0 3841.86524    0  121 5864.00000 3841.86524  34.5%     -    0s
     0     0 3846.14303    0  125 5864.00000 3846.14303  34.4%     -    0s
     0     0 3846.96642    0  128 5864.00000 3846.96642  34.4%     -    0s
     0     0 3847.62632    0  128 5864.00000 3847.62632  34.4%     -    0s
H    0     0                    5585.0000000 3847.62632  31.1%     -    0s
     0     0 3868.77758    0  126 5585.00000 3868.77758  30.7%     -    0s
     0     0 3875.34205    0  125 5585.00000 3875.34205  30.6%     -    0s
     0     0 3876.05077    0  130 5585.00000 3876.05077  30.6%     -    0s
     0     0 3877.29696    0  130 5585.00000 3877.29696  30.6%     -    0s
     0     0 3877.30889    0  131 5585.00000 3877.30889  30.6%     -    0s
     0     0 3894.77844    0  135 5585.00000 3894.77844  30.3%     -    0s
     0     0 3896.03239    0  139 5585.00000 3896.03239  30.2%     -    0s
     0     0 3896.09416    0  139 5585.00000 3896.09416  30.2%     -    0s
     0     0 3903.78537    0  133 5585.00000 3903.78537  30.1%     -    0s
     0     0 3907.60891    0  138 5585.00000 3907.60891  30.0%     -    0s
     0     0 3909.89631    0  140 5585.00000 3909.89631  30.0%     -    0s
     0     0 3910.32312    0  142 5585.00000 3910.32312  30.0%     -    0s
     0     0 3916.24461    0  139 5585.00000 3916.24461  29.9%     -    0s
     0     0 3917.90181    0  137 5585.00000 3917.90181  29.8%     -    0s
     0     0 3918.20098    0  142 5585.00000 3918.20098  29.8%     -    0s
     0     0 3923.05526    0  134 5585.00000 3923.05526  29.8%     -    0s
     0     0 3923.05526    0  133 5585.00000 3923.05526  29.8%     -    0s
     0     2 3923.05526    0  133 5585.00000 3923.05526  29.8%     -    0s
H  333   219                    5471.0000000 3959.44776  27.6%  25.1    0s
H  472   268                    5455.0000000 3984.21496  27.0%  25.8    0s
H  676   305                    5346.0000000 4334.75739  18.9%  25.5    0s
*  819   379              23    5324.0000000 4340.27768  18.5%  24.0    0s
*  937   411              28    5262.0000000 4401.65796  16.4%  23.2    0s
* 1115   442              27    5213.0000000 4403.93411  15.5%  22.4    0s
* 1116   433              27    5199.0000000 4403.93411  15.3%  22.4    0s
H 1997   675                    5183.0000000 4497.85742  13.2%  20.5    0s
H 5437  1251                    5172.0000000 4664.16521  9.82%  21.5    1s
H 7156  1141                    5171.0000000 4664.16521  9.80%  25.1    2s
 20974  2441 infeasible   27      5171.00000 4852.07625  6.17%  24.2    5s

Cutting planes:
  Learned: 22
  Gomory: 8
  Implied bound: 35
  Clique: 3
  MIR: 158
  Flow cover: 218
  Inf proof: 14
  Zero half: 2

Explored 34839 nodes (766756 simplex iterations) in 6.92 seconds
Thread count was 12 (of 12 available processors)

Solution count 10: 5171 5172 5183 ... 5471

Optimal solution found (tolerance 1.00e-04)
Best objective 5.171000000000e+03, best bound 5.171000000000e+03, gap 0.0000%

Gurobi 8.1.1 (win64, Python) logging started 01/31/20 12:52:22

Academic license - for non-commercial use only
Warning: variable name "travel_Hanna_Lousberg_Frankenberger Park" has a space
Warning: to let Gurobi read it back, use rlp format
Optimize a model with 1632 rows, 312 columns and 3216 nonzeros
Variable types: 0 continuous, 312 integer (216 binary)
Coefficient statistics:
  Matrix range     [1e+00, 8e+02]
  Objective range  [1e+00, 1e+00]
  Bounds range     [1e+00, 1e+00]
  RHS range        [1e+00, 8e+02]
Presolve removed 1612 rows and 297 columns
Presolve time: 0.01s
Presolved: 20 rows, 15 columns, 50 nonzeros
Variable types: 0 continuous, 15 integer (5 binary)
Found heuristic solution: objective 8847.0000000
Found heuristic solution: objective 8065.0000000
Found heuristic solution: objective 7981.0000000

Root relaxation: objective 7.518000e+03, 4 iterations, 0.00 seconds

    Nodes    |    Current Node    |     Objective Bounds      |     Work
 Expl Unexpl |  Obj  Depth IntInf | Incumbent    BestBd   Gap | It/Node Time

     0     0 7518.00000    0    2 7981.00000 7518.00000  5.80%     -    0s
H    0     0                    7670.0000000 7518.00000  1.98%     -    0s
H    0     0                    7660.0000000 7518.00000  1.85%     -    0s
     0     0 7584.44444    0    5 7660.00000 7584.44444  0.99%     -    0s
     0     0 infeasible    0      7660.00000 7660.00000  0.00%     -    0s

Cutting planes:
  Gomory: 2
  Implied bound: 2
  MIR: 1

Explored 1 nodes (16 simplex iterations) in 0.14 seconds
Thread count was 12 (of 12 available processors)

Solution count 5: 7660 7670 7981 ... 8847

Optimal solution found (tolerance 1.00e-04)
Best objective 7.660000000000e+03, best bound 7.660000000000e+03, gap 0.0000%

Gurobi 8.1.1 (win64, Python) logging started 01/31/20 13:14:39

Academic license - for non-commercial use only
Warning: variable name "travel_Hanna_Lousberg_Frankenberger Park" has a space
Warning: to let Gurobi read it back, use rlp format
Optimize a model with 480 rows, 312 columns and 912 nonzeros
Variable types: 0 continuous, 312 integer (216 binary)
Coefficient statistics:
  Matrix range     [1e+00, 8e+02]
  Objective range  [1e+00, 1e+00]
  Bounds range     [1e+00, 1e+00]
  RHS range        [1e+00, 8e+02]
Presolve removed 476 rows and 308 columns
Presolve time: 0.01s
Presolved: 4 rows, 4 columns, 10 nonzeros
Variable types: 0 continuous, 4 integer (1 binary)
Found heuristic solution: objective 8107.0000000
Found heuristic solution: objective 7468.0000000

Explored 0 nodes (0 simplex iterations) in 0.03 seconds
Thread count was 12 (of 12 available processors)

Solution count 2: 7468 8107 

Optimal solution found (tolerance 1.00e-04)
Best objective 7.468000000000e+03, best bound 7.468000000000e+03, gap 0.0000%

Gurobi 8.1.1 (win64, Python) logging started 01/31/20 13:14:45

Academic license - for non-commercial use only
Warning: variable name "travel_Hanna_Lousberg_Frankenberger Park" has a space
Warning: to let Gurobi read it back, use rlp format
Optimize a model with 480 rows, 312 columns and 912 nonzeros
Variable types: 0 continuous, 312 integer (216 binary)
Coefficient statistics:
  Matrix range     [1e+00, 8e+02]
  Objective range  [1e+00, 1e+00]
  Bounds range     [1e+00, 1e+00]
  RHS range        [1e+00, 8e+02]
Presolve removed 476 rows and 308 columns
Presolve time: 0.01s
Presolved: 4 rows, 4 columns, 10 nonzeros
Variable types: 0 continuous, 4 integer (1 binary)
Found heuristic solution: objective 8107.0000000
Found heuristic solution: objective 7468.0000000

Explored 0 nodes (0 simplex iterations) in 0.01 seconds
Thread count was 12 (of 12 available processors)

Solution count 2: 7468 8107 

Optimal solution found (tolerance 1.00e-04)
Best objective 7.468000000000e+03, best bound 7.468000000000e+03, gap 0.0000%

Gurobi 8.1.1 (win64, Python) logging started 01/31/20 13:15:52

Academic license - for non-commercial use only
Warning: variable name "travel_Hanna_Lousberg_Frankenberger Park" has a space
Warning: to let Gurobi read it back, use rlp format
Optimize a model with 528 rows, 312 columns and 1008 nonzeros
Variable types: 0 continuous, 312 integer (216 binary)
Coefficient statistics:
  Matrix range     [1e+00, 8e+02]
  Objective range  [1e+00, 1e+00]
  Bounds range     [1e+00, 1e+00]
  RHS range        [1e+00, 8e+02]
Presolve removed 508 rows and 297 columns
Presolve time: 0.01s
Presolved: 20 rows, 15 columns, 50 nonzeros
Variable types: 0 continuous, 15 integer (5 binary)
Found heuristic solution: objective 8847.0000000
Found heuristic solution: objective 8065.0000000
Found heuristic solution: objective 7981.0000000

Root relaxation: objective 7.518000e+03, 4 iterations, 0.00 seconds

    Nodes    |    Current Node    |     Objective Bounds      |     Work
 Expl Unexpl |  Obj  Depth IntInf | Incumbent    BestBd   Gap | It/Node Time

     0     0 7518.00000    0    2 7981.00000 7518.00000  5.80%     -    0s
H    0     0                    7670.0000000 7518.00000  1.98%     -    0s
H    0     0                    7660.0000000 7518.00000  1.85%     -    0s
     0     0 7584.44444    0    5 7660.00000 7584.44444  0.99%     -    0s
     0     0 infeasible    0      7660.00000 7660.00000  0.00%     -    0s

Cutting planes:
  Gomory: 2
  Implied bound: 2
  MIR: 1

Explored 1 nodes (16 simplex iterations) in 0.09 seconds
Thread count was 12 (of 12 available processors)

Solution count 5: 7660 7670 7981 ... 8847

Optimal solution found (tolerance 1.00e-04)
Best objective 7.660000000000e+03, best bound 7.660000000000e+03, gap 0.0000%
